<?xml version="1.0" encoding="UTF-8" ?>
<testsuite tests="2" failures="1" name="testRunner.TestRun" time="23.716" errors="0" skipped="0">
  <properties>
[...]
</properties>
  <testcase classname="Login" name="Login data driven #1" time="17.999"/>
  <testcase classname="Login" name="Login data driven #2" time="5.717">
    <failure type="java.lang.AssertionError">java.lang.AssertionError
	at org.junit.Assert.fail(Assert.java:87)
	at org.junit.Assert.assertTrue(Assert.java:42)
	at org.junit.Assert.assertTrue(Assert.java:53)
	at stepDefinitions.LoginSteps.page_title_should_be(LoginSteps.java:59)
	at ✽.Page title should be &quot;Dashboard / nopCommerce administration&quot;(file:///C:/Users/Swati/AutomationWorkspace/CucumberPrj/./src/test/resources/Features/login.feature:20)
</failure>
    <system-out>
@mixdatalogin
Scenario Outline: Login data driven                                         # src/test/resources/Features/login.feature:28
  Given User launch Chrome browser                                          # stepDefinitions.LoginSteps.user_launch_chrome_browser()
2021-07-28 17:27:01,073 [main] DEBUG utilities.HelperClass - Opening the application URL
  When User opens URL &quot;https://admin-demo.nopcommerce.com/login&quot;            # stepDefinitions.LoginSteps.user_opens_url(java.lang.String)
2021-07-28 17:27:02,790 [main] DEBUG utilities.HelperClass - Enter login credentials
  And User enters Email as &quot;admin@yourstore.com&quot; and Password as &quot;admin123&quot; # stepDefinitions.LoginSteps.user_enters_email_as_and_password_as(java.lang.String,java.lang.String)
2021-07-28 17:27:03,076 [main] DEBUG utilities.HelperClass - Click on login button
  And Click on login button                                                 # stepDefinitions.LoginSteps.click_on_login_button()
2021-07-28 17:27:04,609 [main] DEBUG utilities.HelperClass - Check if login successful
  Then Page title should be &quot;Dashboard / nopCommerce administration&quot;        # stepDefinitions.LoginSteps.page_title_should_be(java.lang.String)
      java.lang.AssertionError
	at org.junit.Assert.fail(Assert.java:87)
	at org.junit.Assert.assertTrue(Assert.java:42)
	at org.junit.Assert.assertTrue(Assert.java:53)
	at stepDefinitions.LoginSteps.page_title_should_be(LoginSteps.java:59)
	at âœ½.Page title should be &quot;Dashboard / nopCommerce administration&quot;(file:///C:/Users/Swati/AutomationWorkspace/CucumberPrj/./src/test/resources/Features/login.feature:20)

  When User click on Logout link                                            # stepDefinitions.LoginSteps.user_click_on_logout_link()
  Then Page title should be &quot;Your store. Login&quot;                             # stepDefinitions.LoginSteps.page_title_should_be(java.lang.String)
  And Close browser                                                         # stepDefinitions.LoginSteps.close_browser()
</system-out>
    <system-err>Starting ChromeDriver 92.0.4515.43 (8c61b7e2989f2990d42f859cac71319137787cce-refs/branch-heads/4515@{#306}) on port 25124
Only local connections are allowed.
Please see https://chromedriver.chromium.org/security-considerations for suggestions on keeping ChromeDriver safe.
ChromeDriver was started successfully.
Jul 28, 2021 5:27:00 PM org.openqa.selenium.remote.ProtocolHandshake createSession
INFO: Detected dialect: W3C
Jul 28, 2021 5:27:00 PM org.openqa.selenium.devtools.CdpVersionFinder findNearestMatch
WARNING: Unable to find an exact match for CDP version 92, so returning the closest version found: a no-op implementation
Jul 28, 2021 5:27:00 PM org.openqa.selenium.devtools.CdpVersionFinder findNearestMatch
INFO: Unable to find CDP implementation matching 92.
Jul 28, 2021 5:27:00 PM org.openqa.selenium.chromium.ChromiumDriver lambda$new$0
WARNING: Unable to find version of CDP to use for . You may need to include a dependency on a specific version of the CDP using something similar to `org.seleniumhq.selenium:selenium-devtools-v86:4.0.0-alpha-7` where the version (&quot;v86&quot;) matches the version of the chromium-based browser you&apos;re using and the version number of the artifact is the same as Selenium&apos;s.
</system-err>
  </testcase>
</testsuite>